build/outputs/logs/manifest-merger-debug-report.txt
-- Merging decision tree log ---
provider#android.support.v4.content.FileProvider
INJECTED from src\main\AndroidManifest.xml:50:9-58:20
	android:grantUriPermissions
		ADDED from src\main\AndroidManifest.xml:54:13-47
	android:authorities
		INJECTED from src\main\AndroidManifest.xml
		ADDED from src\main\AndroidManifest.xml:52:13-51
	android:exported
		ADDED from src\main\AndroidManifest.xml:53:13-37
	android:name
		ADDED from src\main\AndroidManifest.xml:51:13-67
manifest
ADDED from src\main\AndroidManifest.xml:2:1-153:12
INJECTED from src\main\AndroidManifest.xml:2:1-153:12
INJECTED from src\main\AndroidManifest.xml:2:1-153:12
INJECTED from src\main\AndroidManifest.xml:2:1-153:12
MERGED from [pub.devrel:easypermissions:0.2.1] AndroidManifest.xml:2:1-14:12
MERGED from [com.android.support:appcompat-v7:27.1.0] AndroidManifest.xml:17:1-22:12
MERGED from [com.jjoe64:graphview:4.2.1] AndroidManifest.xml:2:1-14:12
MERGED from [com.google.android.gms:play-services-drive:11.8.0] AndroidManifest.xml:17:1-24:12
MERGED from [com.google.android.gms:play-services-auth:11.8.0] AndroidManifest.xml:17:1-39:12
MERGED from [com.google.android.gms:play-services-auth-api-phone:11.8.0] AndroidManifest.xml:2:1-7:12
MERGED from [com.google.android.gms:play-services-auth-base:11.8.0] AndroidManifest.xml:2:1-7:12
MERGED from [com.google.android.gms:play-services-base:11.8.0] AndroidManifest.xml:17:1-29:12
MERGED from [com.google.android.gms:play-services-tasks:11.8.0] AndroidManifest.xml:2:1-9:12
MERGED from [com.google.android.gms:play-services-basement:11.8.0] AndroidManifest.xml:17:1-28:12
MERGED from [com.android.support:support-v4:27.1.0] AndroidManifest.xml:17:1-22:12
MERGED from [com.android.support:support-media-compat:27.1.0] AndroidManifest.xml:17:1-22:12
MERGED from [com.android.support:recyclerview-v7:27.1.0] AndroidManifest.xml:17:1-22:12
MERGED from [com.polidea.rxandroidble:rxandroidble:1.4.3] AndroidManifest.xml:2:1-18:12
MERGED from [io.reactivex:rxandroid:1.2.1] AndroidManifest.xml:15:1-21:12
MERGED from [com.jakewharton:butterknife:8.8.1] AndroidManifest.xml:2:1-7:12
MERGED from [com.android.support:support-fragment:27.1.0] AndroidManifest.xml:17:1-22:12
MERGED from [com.android.support:animated-vector-drawable:27.1.0] AndroidManifest.xml:17:1-22:12
MERGED from [com.android.support:support-core-ui:27.1.0] AndroidManifest.xml:17:1-22:12
MERGED from [com.android.support:support-vector-drawable:27.1.0] AndroidManifest.xml:17:1-22:12
MERGED from [no.nordicsemi.android:dfu:1.6.0] AndroidManifest.xml:2:1-14:12
MERGED from [com.android.support:support-core-utils:27.1.0] AndroidManifest.xml:17:1-22:12
MERGED from [com.android.support:support-compat:27.1.0] AndroidManifest.xml:17:1-22:12
MERGED from [:mdslib:1.28.1(1)-release] AndroidManifest.xml:2:1-12:12
MERGED from [com.android.support.constraint:constraint-layout:1.0.2] AndroidManifest.xml:2:1-11:12
MERGED from [com.artemzin.rxjava:proguard-rules:1.3.2.0] AndroidManifest.xml:2:1-10:12
MERGED from [com.google.android.gms:play-services-drive-license:11.8.0] AndroidManifest.xml:2:1-6:12
MERGED from [com.google.android.gms:play-services-base-license:11.8.0] AndroidManifest.xml:2:1-6:12
MERGED from [com.google.android.gms:play-services-basement-license:11.8.0] AndroidManifest.xml:2:1-6:12
MERGED from [com.google.android.gms:play-services-tasks-license:11.8.0] AndroidManifest.xml:2:1-6:12
MERGED from [com.google.android.gms:play-services-auth-api-phone-license:11.8.0] AndroidManifest.xml:2:1-6:12
MERGED from [com.google.android.gms:play-services-auth-base-license:11.8.0] AndroidManifest.xml:2:1-6:12
MERGED from [android.arch.lifecycle:runtime:1.1.0] AndroidManifest.xml:17:1-22:12
MERGED from [android.arch.lifecycle:livedata-core:1.1.0] AndroidManifest.xml:17:1-22:12
MERGED from [android.arch.core:runtime:1.1.0] AndroidManifest.xml:17:1-22:12
MERGED from [android.arch.lifecycle:viewmodel:1.1.0] AndroidManifest.xml:17:1-22:12
INJECTED from src\main\AndroidManifest.xml:2:1-153:12
INJECTED from src\main\AndroidManifest.xml:2:1-153:12
INJECTED from src\main\AndroidManifest.xml:2:1-153:12
	package
		ADDED from src\main\AndroidManifest.xml:3:11-46
		INJECTED from src\main\AndroidManifest.xml
		INJECTED from src\main\AndroidManifest.xml
	android:versionName
		INJECTED from src\main\AndroidManifest.xml
		ADDED from src\main\AndroidManifest.xml:2:1-153:12
		INJECTED from src\main\AndroidManifest.xml
	android:versionCode
		INJECTED from src\main\AndroidManifest.xml
		ADDED from src\main\AndroidManifest.xml:2:1-153:12
		INJECTED from src\main\AndroidManifest.xml
	xmlns:android
		ADDED from src\main\AndroidManifest.xml:2:11-69
uses-permission#android.permission.WRITE_EXTERNAL_STORAGE
ADDED from src\main\AndroidManifest.xml:5:5-80
	android:name
		ADDED from src\main\AndroidManifest.xml:5:22-78
uses-permission#android.permission.READ_EXTERNAL_STORAGE
ADDED from src\main\AndroidManifest.xml:6:5-79
	android:name
		ADDED from src\main\AndroidManifest.xml:6:22-77
uses-permission#android.permission.INTERNET
ADDED from src\main\AndroidManifest.xml:7:5-66
	android:name
		ADDED from src\main\AndroidManifest.xml:7:22-64
uses-permission#android.permission.ACCESS_NETWORK_STATE
ADDED from src\main\AndroidManifest.xml:8:5-78
	android:name
		ADDED from src\main\AndroidManifest.xml:8:22-76
uses-permission#android.permission.ACCESS_COARSE_LOCATION
ADDED from src\main\AndroidManifest.xml:9:5-80
	android:name
		ADDED from src\main\AndroidManifest.xml:9:22-78
uses-permission#android.permission.GET_ACCOUNTS
ADDED from src\main\AndroidManifest.xml:10:5-70
	android:name
		ADDED from src\main\AndroidManifest.xml:10:22-68
uses-permission#android.permission.BLUETOOTH
ADDED from src\main\AndroidManifest.xml:11:5-67
MERGED from [com.polidea.rxandroidble:rxandroidble:1.4.3] AndroidManifest.xml:11:5-68
MERGED from [com.polidea.rxandroidble:rxandroidble:1.4.3] AndroidManifest.xml:11:5-68
MERGED from [no.nordicsemi.android:dfu:1.6.0] AndroidManifest.xml:11:5-68
MERGED from [no.nordicsemi.android:dfu:1.6.0] AndroidManifest.xml:11:5-68
	android:name
		ADDED from src\main\AndroidManifest.xml:11:22-65
uses-permission#android.permission.MANAGE_DOCUMENTS
ADDED from src\main\AndroidManifest.xml:12:5-74
	android:name
		ADDED from src\main\AndroidManifest.xml:12:22-72
uses-feature#android.hardware.bluetooth_le
ADDED from src\main\AndroidManifest.xml:14:5-16:34
	android:required
		ADDED from src\main\AndroidManifest.xml:16:9-32
	android:name
		ADDED from src\main\AndroidManifest.xml:15:9-53
application
ADDED from src\main\AndroidManifest.xml:18:5-151:19
MERGED from [pub.devrel:easypermissions:0.2.1] AndroidManifest.xml:12:5-20
MERGED from [pub.devrel:easypermissions:0.2.1] AndroidManifest.xml:12:5-20
MERGED from [com.jjoe64:graphview:4.2.1] AndroidManifest.xml:11:5-12:19
MERGED from [com.jjoe64:graphview:4.2.1] AndroidManifest.xml:11:5-12:19
MERGED from [com.google.android.gms:play-services-drive:11.8.0] AndroidManifest.xml:22:5-20
MERGED from [com.google.android.gms:play-services-drive:11.8.0] AndroidManifest.xml:22:5-20
MERGED from [com.google.android.gms:play-services-auth:11.8.0] AndroidManifest.xml:22:5-37:19
MERGED from [com.google.android.gms:play-services-auth:11.8.0] AndroidManifest.xml:22:5-37:19
MERGED from [com.google.android.gms:play-services-base:11.8.0] AndroidManifest.xml:22:5-27:19
MERGED from [com.google.android.gms:play-services-base:11.8.0] AndroidManifest.xml:22:5-27:19
MERGED from [com.google.android.gms:play-services-tasks:11.8.0] AndroidManifest.xml:7:5-20
MERGED from [com.google.android.gms:play-services-tasks:11.8.0] AndroidManifest.xml:7:5-20
MERGED from [com.google.android.gms:play-services-basement:11.8.0] AndroidManifest.xml:22:5-26:19
MERGED from [com.google.android.gms:play-services-basement:11.8.0] AndroidManifest.xml:22:5-26:19
MERGED from [com.polidea.rxandroidble:rxandroidble:1.4.3] AndroidManifest.xml:16:5-53
MERGED from [com.polidea.rxandroidble:rxandroidble:1.4.3] AndroidManifest.xml:16:5-53
MERGED from [com.android.support.constraint:constraint-layout:1.0.2] AndroidManifest.xml:9:5-20
MERGED from [com.android.support.constraint:constraint-layout:1.0.2] AndroidManifest.xml:9:5-20
MERGED from [com.google.android.gms:play-services-drive-license:11.8.0] AndroidManifest.xml:5:5-20
MERGED from [com.google.android.gms:play-services-drive-license:11.8.0] AndroidManifest.xml:5:5-20
MERGED from [com.google.android.gms:play-services-base-license:11.8.0] AndroidManifest.xml:5:5-20
MERGED from [com.google.android.gms:play-services-base-license:11.8.0] AndroidManifest.xml:5:5-20
MERGED from [com.google.android.gms:play-services-basement-license:11.8.0] AndroidManifest.xml:5:5-20
MERGED from [com.google.android.gms:play-services-basement-license:11.8.0] AndroidManifest.xml:5:5-20
MERGED from [com.google.android.gms:play-services-tasks-license:11.8.0] AndroidManifest.xml:5:5-20
MERGED from [com.google.android.gms:play-services-tasks-license:11.8.0] AndroidManifest.xml:5:5-20
MERGED from [com.google.android.gms:play-services-auth-api-phone-license:11.8.0] AndroidManifest.xml:5:5-20
MERGED from [com.google.android.gms:play-services-auth-api-phone-license:11.8.0] AndroidManifest.xml:5:5-20
MERGED from [com.google.android.gms:play-services-auth-base-license:11.8.0] AndroidManifest.xml:5:5-20
MERGED from [com.google.android.gms:play-services-auth-base-license:11.8.0] AndroidManifest.xml:5:5-20
	android:supportsRtl
		ADDED from src\main\AndroidManifest.xml:23:9-35
	android:label
		ADDED from src\main\AndroidManifest.xml:22:9-41
	android:icon
		ADDED from src\main\AndroidManifest.xml:21:9-43
	android:allowBackup
		ADDED from src\main\AndroidManifest.xml:20:9-35
	android:theme
		ADDED from src\main\AndroidManifest.xml:24:9-40
	android:name
		ADDED from src\main\AndroidManifest.xml:19:9-34
activity#com.movesense.showcaseapp.section_01_movesense.tests.LedTestActivity
ADDED from src\main\AndroidManifest.xml:25:9-27:51
	android:screenOrientation
		ADDED from src\main\AndroidManifest.xml:27:13-49
	android:name
		ADDED from src\main\AndroidManifest.xml:26:13-71
activity#com.movesense.showcaseapp.section_01_movesense.tests.LinearAccelerationTestActivity
ADDED from src\main\AndroidManifest.xml:28:9-30:51
	android:screenOrientation
		ADDED from src\main\AndroidManifest.xml:30:13-49
	android:name
		ADDED from src\main\AndroidManifest.xml:29:13-86
activity#com.movesense.showcaseapp.section_01_movesense.tests.HeartRateTestActivity
ADDED from src\main\AndroidManifest.xml:31:9-33:51
	android:screenOrientation
		ADDED from src\main\AndroidManifest.xml:33:13-49
	android:name
		ADDED from src\main\AndroidManifest.xml:32:13-77
activity#com.movesense.showcaseapp.section_01_movesense.tests.TemperatureTestActivity
ADDED from src\main\AndroidManifest.xml:34:9-36:51
	android:screenOrientation
		ADDED from src\main\AndroidManifest.xml:36:13-49
	android:name
		ADDED from src\main\AndroidManifest.xml:35:13-79
activity#com.movesense.showcaseapp.section_01_movesense.tests.MagneticFieldTestActivity
ADDED from src\main\AndroidManifest.xml:37:9-39:51
	android:screenOrientation
		ADDED from src\main\AndroidManifest.xml:39:13-49
	android:name
		ADDED from src\main\AndroidManifest.xml:38:13-81
activity#com.movesense.showcaseapp.section_01_movesense.tests.AngularVelocityActivity
ADDED from src\main\AndroidManifest.xml:40:9-42:51
	android:screenOrientation
		ADDED from src\main\AndroidManifest.xml:42:13-49
	android:name
		ADDED from src\main\AndroidManifest.xml:41:13-79
activity#com.movesense.showcaseapp.section_01_movesense.tests.MultiSubscribeActivity
ADDED from src\main\AndroidManifest.xml:43:9-45:51
	android:screenOrientation
		ADDED from src\main\AndroidManifest.xml:45:13-49
	android:name
		ADDED from src\main\AndroidManifest.xml:44:13-78
activity#com.movesense.showcaseapp.google_drive.SendLogsToGoogleDriveActivity
ADDED from src\main\AndroidManifest.xml:46:9-48:51
	android:screenOrientation
		ADDED from src\main\AndroidManifest.xml:48:13-49
	android:name
		ADDED from src\main\AndroidManifest.xml:47:13-71
service#com.movesense.showcaseapp.section_03_dfu.DfuService
ADDED from src\main\AndroidManifest.xml:60:9-63:38
	android:enabled
		ADDED from src\main\AndroidManifest.xml:62:13-35
	android:exported
		ADDED from src\main\AndroidManifest.xml:63:13-36
	android:name
		ADDED from src\main\AndroidManifest.xml:61:13-54
receiver#com.movesense.showcaseapp.adb.AdbBridge
ADDED from src\main\AndroidManifest.xml:65:9-72:20
	android:enabled
		ADDED from src\main\AndroidManifest.xml:67:13-35
	android:exported
		ADDED from src\main\AndroidManifest.xml:68:13-36
	android:name
		ADDED from src\main\AndroidManifest.xml:66:13-42
intent-filter#android.intent.action.MOVESENSE
ADDED from src\main\AndroidManifest.xml:69:13-71:29
action#android.intent.action.MOVESENSE
ADDED from src\main\AndroidManifest.xml:70:17-73
	android:name
		ADDED from src\main\AndroidManifest.xml:70:25-71
activity#com.movesense.showcaseapp.section_00_mainView.MainViewActivity
ADDED from src\main\AndroidManifest.xml:74:9-83:20
	android:screenOrientation
		ADDED from src\main\AndroidManifest.xml:76:13-49
	android:name
		ADDED from src\main\AndroidManifest.xml:75:13-65
intent-filter#android.intent.action.MAIN+android.intent.action.MY_ACTION+android.intent.category.LAUNCHER
ADDED from src\main\AndroidManifest.xml:77:13-82:29
action#android.intent.action.MAIN
ADDED from src\main\AndroidManifest.xml:78:17-68
	android:name
		ADDED from src\main\AndroidManifest.xml:78:25-66
action#android.intent.action.MY_ACTION
ADDED from src\main\AndroidManifest.xml:79:17-73
	android:name
		ADDED from src\main\AndroidManifest.xml:79:25-71
category#android.intent.category.LAUNCHER
ADDED from src\main\AndroidManifest.xml:81:17-76
	android:name
		ADDED from src\main\AndroidManifest.xml:81:27-74
activity#com.movesense.showcaseapp.section_01_movesense.MovesenseActivity
ADDED from src\main\AndroidManifest.xml:84:9-86:51
	android:screenOrientation
		ADDED from src\main\AndroidManifest.xml:86:13-49
	android:name
		ADDED from src\main\AndroidManifest.xml:85:13-67
activity#com.movesense.showcaseapp.section_02_multi_connection.connection.MultiConnectionActivity
ADDED from src\main\AndroidManifest.xml:87:9-89:51
	android:screenOrientation
		ADDED from src\main\AndroidManifest.xml:89:13-49
	android:name
		ADDED from src\main\AndroidManifest.xml:88:13-91
activity#com.movesense.showcaseapp.section_04_saved_data.SavedDataActivity
ADDED from src\main\AndroidManifest.xml:90:9-92:51
	android:screenOrientation
		ADDED from src\main\AndroidManifest.xml:92:13-49
	android:name
		ADDED from src\main\AndroidManifest.xml:91:13-68
activity#com.movesense.showcaseapp.section_06_about.AboutActivity
ADDED from src\main\AndroidManifest.xml:93:9-95:51
	android:screenOrientation
		ADDED from src\main\AndroidManifest.xml:95:13-49
	android:name
		ADDED from src\main\AndroidManifest.xml:94:13-59
activity#com.movesense.showcaseapp.section_01_movesense.sensors.sensors_list.SensorListActivity
ADDED from src\main\AndroidManifest.xml:96:9-99:20
	android:screenOrientation
		ADDED from src\main\AndroidManifest.xml:98:13-49
	android:name
		ADDED from src\main\AndroidManifest.xml:97:13-89
activity#com.movesense.showcaseapp.section_03_dfu.DfuActivity2
ADDED from src\main\AndroidManifest.xml:100:9-103:20
	android:screenOrientation
		ADDED from src\main\AndroidManifest.xml:102:13-49
	android:name
		ADDED from src\main\AndroidManifest.xml:101:13-56
activity#com.movesense.showcaseapp.section_02_multi_connection.sensor_usage.MultiSensorUsageActivity
ADDED from src\main\AndroidManifest.xml:104:9-107:20
	android:screenOrientation
		ADDED from src\main\AndroidManifest.xml:106:13-49
	android:name
		ADDED from src\main\AndroidManifest.xml:105:13-94
activity#com.movesense.showcaseapp.section_01_movesense.tests.EcgActivity
ADDED from src\main\AndroidManifest.xml:108:9-112:20
	android:screenOrientation
		ADDED from src\main\AndroidManifest.xml:110:13-49
	android:configChanges
		ADDED from src\main\AndroidManifest.xml:111:13-74
	android:name
		ADDED from src\main\AndroidManifest.xml:109:13-67
activity#com.movesense.showcaseapp.section_01_movesense.tests.EcgActivityGraphView
ADDED from src\main\AndroidManifest.xml:114:9-118:20
	android:screenOrientation
		ADDED from src\main\AndroidManifest.xml:116:13-49
	android:configChanges
		ADDED from src\main\AndroidManifest.xml:117:13-74
	android:name
		ADDED from src\main\AndroidManifest.xml:115:13-76
activity#com.movesense.showcaseapp.section_01_movesense.tests.BatteryActivity
ADDED from src\main\AndroidManifest.xml:119:9-122:20
	android:screenOrientation
		ADDED from src\main\AndroidManifest.xml:121:13-49
	android:name
		ADDED from src\main\AndroidManifest.xml:120:13-71
activity#com.movesense.showcaseapp.section_01_movesense.tests.AppInfoActivity
ADDED from src\main\AndroidManifest.xml:123:9-126:20
	android:screenOrientation
		ADDED from src\main\AndroidManifest.xml:125:13-49
	android:name
		ADDED from src\main\AndroidManifest.xml:124:13-71
activity#com.movesense.showcaseapp.section_01_movesense.tests.ImuActivity
ADDED from src\main\AndroidManifest.xml:127:9-130:20
	android:screenOrientation
		ADDED from src\main\AndroidManifest.xml:129:13-49
	android:name
		ADDED from src\main\AndroidManifest.xml:128:13-67
receiver#com.movesense.showcaseapp.bluetooth.BluetoothStatusReceiver
ADDED from src\main\AndroidManifest.xml:132:9-139:20
	android:enabled
		ADDED from src\main\AndroidManifest.xml:134:13-35
	android:exported
		ADDED from src\main\AndroidManifest.xml:135:13-37
	android:name
		ADDED from src\main\AndroidManifest.xml:133:13-62
intent-filter#android.bluetooth.adapter.action.STATE_CHANGED
ADDED from src\main\AndroidManifest.xml:136:13-138:29
action#android.bluetooth.adapter.action.STATE_CHANGED
ADDED from src\main\AndroidManifest.xml:137:17-88
	android:name
		ADDED from src\main\AndroidManifest.xml:137:25-86
activity#com.movesense.showcaseapp.section_01_movesense.device_settings.DeviceSettingsActivity
ADDED from src\main\AndroidManifest.xml:141:9-144:20
	android:screenOrientation
		ADDED from src\main\AndroidManifest.xml:143:13-49
	android:name
		ADDED from src\main\AndroidManifest.xml:142:13-88
activity#com.movesense.showcaseapp.BaseActivity
ADDED from src\main\AndroidManifest.xml:145:9-146:20
	android:name
		ADDED from src\main\AndroidManifest.xml:145:19-47
activity#com.movesense.showcaseapp.section_01_movesense.tests.MemoryDiagnosticActivity
ADDED from src\main\AndroidManifest.xml:147:9-150:20
	android:screenOrientation
		ADDED from src\main\AndroidManifest.xml:149:13-49
	android:name
		ADDED from src\main\AndroidManifest.xml:148:13-80
uses-sdk
INJECTED from src\main\AndroidManifest.xml reason: use-sdk injection requested
INJECTED from src\main\AndroidManifest.xml
INJECTED from src\main\AndroidManifest.xml
MERGED from [pub.devrel:easypermissions:0.2.1] AndroidManifest.xml:8:5-10:41
MERGED from [pub.devrel:easypermissions:0.2.1] AndroidManifest.xml:8:5-10:41
MERGED from [com.android.support:appcompat-v7:27.1.0] AndroidManifest.xml:20:5-44
MERGED from [com.android.support:appcompat-v7:27.1.0] AndroidManifest.xml:20:5-44
MERGED from [com.jjoe64:graphview:4.2.1] AndroidManifest.xml:7:5-9:41
MERGED from [com.jjoe64:graphview:4.2.1] AndroidManifest.xml:7:5-9:41
MERGED from [com.google.android.gms:play-services-drive:11.8.0] AndroidManifest.xml:20:5-44
MERGED from [com.google.android.gms:play-services-drive:11.8.0] AndroidManifest.xml:20:5-44
MERGED from [com.google.android.gms:play-services-auth:11.8.0] AndroidManifest.xml:20:5-44
MERGED from [com.google.android.gms:play-services-auth:11.8.0] AndroidManifest.xml:20:5-44
MERGED from [com.google.android.gms:play-services-auth-api-phone:11.8.0] AndroidManifest.xml:5:5-44
MERGED from [com.google.android.gms:play-services-auth-api-phone:11.8.0] AndroidManifest.xml:5:5-44
MERGED from [com.google.android.gms:play-services-auth-base:11.8.0] AndroidManifest.xml:5:5-44
MERGED from [com.google.android.gms:play-services-auth-base:11.8.0] AndroidManifest.xml:5:5-44
MERGED from [com.google.android.gms:play-services-base:11.8.0] AndroidManifest.xml:20:5-44
MERGED from [com.google.android.gms:play-services-base:11.8.0] AndroidManifest.xml:20:5-44
MERGED from [com.google.android.gms:play-services-tasks:11.8.0] AndroidManifest.xml:5:5-44
MERGED from [com.google.android.gms:play-services-tasks:11.8.0] AndroidManifest.xml:5:5-44
MERGED from [com.google.android.gms:play-services-basement:11.8.0] AndroidManifest.xml:20:5-44
MERGED from [com.google.android.gms:play-services-basement:11.8.0] AndroidManifest.xml:20:5-44
MERGED from [com.android.support:support-v4:27.1.0] AndroidManifest.xml:20:5-44
MERGED from [com.android.support:support-v4:27.1.0] AndroidManifest.xml:20:5-44
MERGED from [com.android.support:support-media-compat:27.1.0] AndroidManifest.xml:20:5-44
MERGED from [com.android.support:support-media-compat:27.1.0] AndroidManifest.xml:20:5-44
MERGED from [com.android.support:recyclerview-v7:27.1.0] AndroidManifest.xml:20:5-44
MERGED from [com.android.support:recyclerview-v7:27.1.0] AndroidManifest.xml:20:5-44
MERGED from [com.polidea.rxandroidble:rxandroidble:1.4.3] AndroidManifest.xml:7:5-9:41
MERGED from [com.polidea.rxandroidble:rxandroidble:1.4.3] AndroidManifest.xml:7:5-9:41
MERGED from [io.reactivex:rxandroid:1.2.1] AndroidManifest.xml:19:5-43
MERGED from [io.reactivex:rxandroid:1.2.1] AndroidManifest.xml:19:5-43
MERGED from [com.jakewharton:butterknife:8.8.1] AndroidManifest.xml:5:5-43
MERGED from [com.jakewharton:butterknife:8.8.1] AndroidManifest.xml:5:5-43
MERGED from [com.android.support:support-fragment:27.1.0] AndroidManifest.xml:20:5-44
MERGED from [com.android.support:support-fragment:27.1.0] AndroidManifest.xml:20:5-44
MERGED from [com.android.support:animated-vector-drawable:27.1.0] AndroidManifest.xml:20:5-44
MERGED from [com.android.support:animated-vector-drawable:27.1.0] AndroidManifest.xml:20:5-44
MERGED from [com.android.support:support-core-ui:27.1.0] AndroidManifest.xml:20:5-44
MERGED from [com.android.support:support-core-ui:27.1.0] AndroidManifest.xml:20:5-44
MERGED from [com.android.support:support-vector-drawable:27.1.0] AndroidManifest.xml:20:5-44
MERGED from [com.android.support:support-vector-drawable:27.1.0] AndroidManifest.xml:20:5-44
MERGED from [no.nordicsemi.android:dfu:1.6.0] AndroidManifest.xml:7:5-9:41
MERGED from [no.nordicsemi.android:dfu:1.6.0] AndroidManifest.xml:7:5-9:41
MERGED from [com.android.support:support-core-utils:27.1.0] AndroidManifest.xml:20:5-44
MERGED from [com.android.support:support-core-utils:27.1.0] AndroidManifest.xml:20:5-44
MERGED from [com.android.support:support-compat:27.1.0] AndroidManifest.xml:20:5-44
MERGED from [com.android.support:support-compat:27.1.0] AndroidManifest.xml:20:5-44
MERGED from [:mdslib:1.28.1(1)-release] AndroidManifest.xml:8:5-10:41
MERGED from [:mdslib:1.28.1(1)-release] AndroidManifest.xml:8:5-10:41
MERGED from [com.android.support.constraint:constraint-layout:1.0.2] AndroidManifest.xml:5:5-7:41
MERGED from [com.android.support.constraint:constraint-layout:1.0.2] AndroidManifest.xml:5:5-7:41
MERGED from [com.artemzin.rxjava:proguard-rules:1.3.2.0] AndroidManifest.xml:8:5-43
MERGED from [com.artemzin.rxjava:proguard-rules:1.3.2.0] AndroidManifest.xml:8:5-43
MERGED from [com.google.android.gms:play-services-drive-license:11.8.0] AndroidManifest.xml:4:5-43
MERGED from [com.google.android.gms:play-services-drive-license:11.8.0] AndroidManifest.xml:4:5-43
MERGED from [com.google.android.gms:play-services-base-license:11.8.0] AndroidManifest.xml:4:5-43
MERGED from [com.google.android.gms:play-services-base-license:11.8.0] AndroidManifest.xml:4:5-43
MERGED from [com.google.android.gms:play-services-basement-license:11.8.0] AndroidManifest.xml:4:5-43
MERGED from [com.google.android.gms:play-services-basement-license:11.8.0] AndroidManifest.xml:4:5-43
MERGED from [com.google.android.gms:play-services-tasks-license:11.8.0] AndroidManifest.xml:4:5-43
MERGED from [com.google.android.gms:play-services-tasks-license:11.8.0] AndroidManifest.xml:4:5-43
MERGED from [com.google.android.gms:play-services-auth-api-phone-license:11.8.0] AndroidManifest.xml:4:5-43
MERGED from [com.google.android.gms:play-services-auth-api-phone-license:11.8.0] AndroidManifest.xml:4:5-43
MERGED from [com.google.android.gms:play-services-auth-base-license:11.8.0] AndroidManifest.xml:4:5-43
MERGED from [com.google.android.gms:play-services-auth-base-license:11.8.0] AndroidManifest.xml:4:5-43
MERGED from [android.arch.lifecycle:runtime:1.1.0] AndroidManifest.xml:20:5-44
MERGED from [android.arch.lifecycle:runtime:1.1.0] AndroidManifest.xml:20:5-44
MERGED from [android.arch.lifecycle:livedata-core:1.1.0] AndroidManifest.xml:20:5-44
MERGED from [android.arch.lifecycle:livedata-core:1.1.0] AndroidManifest.xml:20:5-44
MERGED from [android.arch.core:runtime:1.1.0] AndroidManifest.xml:20:5-44
MERGED from [android.arch.core:runtime:1.1.0] AndroidManifest.xml:20:5-44
MERGED from [android.arch.lifecycle:viewmodel:1.1.0] AndroidManifest.xml:20:5-44
MERGED from [android.arch.lifecycle:viewmodel:1.1.0] AndroidManifest.xml:20:5-44
INJECTED from src\main\AndroidManifest.xml
INJECTED from src\main\AndroidManifest.xml
	android:targetSdkVersion
		INJECTED from src\main\AndroidManifest.xml
		ADDED from src\main\AndroidManifest.xml
		INJECTED from src\main\AndroidManifest.xml
	android:minSdkVersion
		INJECTED from src\main\AndroidManifest.xml
		ADDED from src\main\AndroidManifest.xml
		INJECTED from src\main\AndroidManifest.xml
meta-data#android.support.FILE_PROVIDER_PATHS
ADDED from src\main\AndroidManifest.xml:55:13-57:62
	android:resource
		ADDED from src\main\AndroidManifest.xml:57:17-60
	android:name
		ADDED from src\main\AndroidManifest.xml:56:17-67
activity#com.google.android.gms.auth.api.signin.internal.SignInHubActivity
ADDED from [com.google.android.gms:play-services-auth:11.8.0] AndroidManifest.xml:23:9-27:75
	android:excludeFromRecents
		ADDED from [com.google.android.gms:play-services-auth:11.8.0] AndroidManifest.xml:25:13-46
	android:exported
		ADDED from [com.google.android.gms:play-services-auth:11.8.0] AndroidManifest.xml:26:13-37
	android:theme
		ADDED from [com.google.android.gms:play-services-auth:11.8.0] AndroidManifest.xml:27:13-72
	android:name
		ADDED from [com.google.android.gms:play-services-auth:11.8.0] AndroidManifest.xml:24:13-93
service#com.google.android.gms.auth.api.signin.RevocationBoundService
ADDED from [com.google.android.gms:play-services-auth:11.8.0] AndroidManifest.xml:33:9-36:110
	android:exported
		ADDED from [com.google.android.gms:play-services-auth:11.8.0] AndroidManifest.xml:35:13-36
	android:permission
		ADDED from [com.google.android.gms:play-services-auth:11.8.0] AndroidManifest.xml:36:13-107
	android:name
		ADDED from [com.google.android.gms:play-services-auth:11.8.0] AndroidManifest.xml:34:13-89
activity#com.google.android.gms.common.api.GoogleApiActivity
ADDED from [com.google.android.gms:play-services-base:11.8.0] AndroidManifest.xml:23:9-26:75
	android:exported
		ADDED from [com.google.android.gms:play-services-base:11.8.0] AndroidManifest.xml:25:13-37
	android:theme
		ADDED from [com.google.android.gms:play-services-base:11.8.0] AndroidManifest.xml:26:13-72
	android:name
		ADDED from [com.google.android.gms:play-services-base:11.8.0] AndroidManifest.xml:24:13-79
meta-data#com.google.android.gms.version
ADDED from [com.google.android.gms:play-services-basement:11.8.0] AndroidManifest.xml:23:9-25:69
	android:value
		ADDED from [com.google.android.gms:play-services-basement:11.8.0] AndroidManifest.xml:25:13-66
	android:name
		ADDED from [com.google.android.gms:play-services-basement:11.8.0] AndroidManifest.xml:24:13-58
uses-permission#android.permission.BLUETOOTH_ADMIN
ADDED from [com.polidea.rxandroidble:rxandroidble:1.4.3] AndroidManifest.xml:12:5-74
MERGED from [no.nordicsemi.android:dfu:1.6.0] AndroidManifest.xml:12:5-74
MERGED from [no.nordicsemi.android:dfu:1.6.0] AndroidManifest.xml:12:5-74
	android:name
		ADDED from [com.polidea.rxandroidble:rxandroidble:1.4.3] AndroidManifest.xml:12:22-71
uses-permission-sdk-23#android.permission.ACCESS_COARSE_LOCATION
ADDED from [com.polidea.rxandroidble:rxandroidble:1.4.3] AndroidManifest.xml:14:5-88
	android:name
		ADDED from [com.polidea.rxandroidble:rxandroidble:1.4.3] AndroidManifest.xml:14:29-85